[LOG] System::create                           : Header version = 2.02.07. Current version = 2.02.07.
[LOG] Manager::init                            : maxchannels = 256 studioflags = 00000006 flags 00000000 extradriverdata 0000000000000000.
[LOG] SystemI::init                            : Initialize version=20207 (125130), maxchannels=256, flags=0x00020000
[LOG] SystemI::setOutputInternal               : Setting output to 'FMOD WASAPI Output'
[LOG] OutputWASAPI::init                       : Mix Format (WAVEFORMATEX): wFormatTag=0xFFFE, nChannels=2, nSamplesPerSec=48000, nAvgBytesPerSec=384000, nBlockAlign=8, wBitsPerSample=32, cbSize=22.
[LOG] OutputWASAPI::init                       : Mix Format (WAVEFORMATEXTENSIBLE): wValidBitsPerSample=32, dwChannelMask=0x00000003, SubFormat=00000003-0000-0010-8000-00AA00389B71.
[LOG] OutputWASAPI::init                       : Output buffer size: 4096 samples, latency: 0.00ms, period: 10.00ms, DSP buffer: 1024 * 4
[LOG] Thread::initThread                       : Init FMOD stream thread. Affinity: 0x4000000000000003, Priority: 0xFFFF7FFB, Stack Size: 98304, Semaphore: No, Sleep Time: 10, Looping: Yes.
[LOG] Thread::initThread                       : Init FMOD mixer thread. Affinity: 0x4000000000000001, Priority: 0xFFFF7FFA, Stack Size: 81920, Semaphore: No, Sleep Time: 0, Looping: Yes.
[LOG] AsyncManager::init                       : manager 0000015A39D4FD08 isAsync 0 updatePeriod 0.02
[LOG] AsyncManager::init                       : done
[LOG] PlaybackSystem::init                     : 
[LOG] Thread::initThread                       : Init FMOD Studio sample load thread. Affinity: 0x4000000000000003, Priority: 0xFFFF7FFD, Stack Size: 98304, Semaphore: No, Sleep Time: 1, Looping: No.
[LOG] PlaybackSystem::init                     : done
[LOG] Thread::initThread                       : Init FMOD Studio bank load thread. Affinity: 0x4000000000000003, Priority: 0xFFFF7FFD, Stack Size: 98304, Semaphore: No, Sleep Time: 1, Looping: No.
[LOG] Manager::init                            : done.
[LOG] Manager::readBank                        : fileversion = 141, compatVersion = 140 (oldest = 44, newest = 142)
[LOG] Manager::readBank                        : fileversion = 141, compatVersion = 140 (oldest = 44, newest = 142)
[LOG] PlaybackSystem::acquireMasterBus         : Setting master channel group format to 6
[LOG] SystemI::createSoundInternal             : Create name='', mode=0x02000202
[LOG] SystemI::createSoundInternal             : exinfo->cbsize             = 224
[LOG] SystemI::createSoundInternal             : exinfo->length             = 8631552
[LOG] SystemI::createSoundInternal             : exinfo->fileoffset         = 43456
[LOG] SystemI::createSoundInternal             : exinfo->numsubsounds       = 1
[LOG] SystemI::createSoundInternal             : exinfo->inclusionlist      = 0000000C86EFF118
[LOG] SystemI::createSoundInternal             : exinfo->inclusionlistnum   = 1
[LOG] SystemI::createSoundInternal             : exinfo->suggestedsoundtype = 5
[LOG] SystemI::createSoundInternal             : exinfo->useropen           = 00007FFE0E6346D0
[LOG] SystemI::createSoundInternal             : exinfo->userclose          = 00007FFE0E6346A0
[LOG] SystemI::createSoundInternal             : exinfo->userread           = 00007FFE0E6347A0
[LOG] SystemI::createSoundInternal             : exinfo->userseek           = 00007FFE0E634860
[LOG] SystemI::createSoundInternal             : exinfo->fileuserdata       = 0000015A1A341608
[LOG] SystemI::createSoundInternal             : exinfo->initialseekpostype = 1
[LOG] SystemI::DSPCodecPoolRegister            : register codec pool for pool type 5
[LOG] SystemI::createSoundInternal             : Sample 0/1: name='Tower_Slide_1', format=5, channels=2, frequency=48000, lengthbytes=16960, lengthpcm=96000, pcmblocksize=0, loopstart=0, loopend=0, mode=0x00000000, channelmask=0x00000000, channelorder=0, peakvolume=0.608766.
[LOG] SystemI::createSoundInternal             : Create name='', mode=0x02000202
[LOG] SystemI::createSoundInternal             : exinfo->cbsize             = 224
[LOG] SystemI::createSoundInternal             : exinfo->length             = 8631552
[LOG] SystemI::createSoundInternal             : exinfo->fileoffset         = 43456
[LOG] SystemI::createSoundInternal             : exinfo->numsubsounds       = 1
[LOG] SystemI::createSoundInternal             : exinfo->inclusionlist      = 0000000C86EFF118
[LOG] SystemI::createSoundInternal             : exinfo->inclusionlistnum   = 1
[LOG] SystemI::createSoundInternal             : exinfo->suggestedsoundtype = 5
[LOG] SystemI::createSoundInternal             : exinfo->useropen           = 00007FFE0E6346D0
[LOG] SystemI::createSoundInternal             : exinfo->userclose          = 00007FFE0E6346A0
[LOG] SystemI::createSoundInternal             : exinfo->userread           = 00007FFE0E6347A0
[LOG] SystemI::createSoundInternal             : exinfo->userseek           = 00007FFE0E634860
[LOG] SystemI::createSoundInternal             : exinfo->fileuserdata       = 0000015A1A341608
[LOG] SystemI::createSoundInternal             : exinfo->initialseekpostype = 1
[LOG] SystemI::DSPCodecPoolRegister            : register codec pool for pool type 5
[LOG] SystemI::createSoundInternal             : Sample 0/1: name='Tower_Slide_v2_1', format=5, channels=2, frequency=48000, lengthbytes=10336, lengthpcm=96000, pcmblocksize=0, loopstart=0, loopend=0, mode=0x00000000, channelmask=0x00000000, channelorder=0, peakvolume=0.130569.
[LOG] SystemI::createSoundInternal             : Create name='', mode=0x02000202
[LOG] SystemI::createSoundInternal             : exinfo->cbsize             = 224
[LOG] SystemI::createSoundInternal             : exinfo->length             = 8631552
[LOG] SystemI::createSoundInternal             : exinfo->fileoffset         = 43456
[LOG] SystemI::createSoundInternal             : exinfo->numsubsounds       = 1
[LOG] SystemI::createSoundInternal             : exinfo->inclusionlist      = 0000000C86EFF118
[LOG] SystemI::createSoundInternal             : exinfo->inclusionlistnum   = 1
[LOG] SystemI::createSoundInternal             : exinfo->suggestedsoundtype = 5
[LOG] SystemI::createSoundInternal             : exinfo->useropen           = 00007FFE0E6346D0
[LOG] SystemI::createSoundInternal             : exinfo->userclose          = 00007FFE0E6346A0
[LOG] SystemI::createSoundInternal             : exinfo->userread           = 00007FFE0E6347A0
[LOG] SystemI::createSoundInternal             : exinfo->userseek           = 00007FFE0E634860
[LOG] SystemI::createSoundInternal             : exinfo->fileuserdata       = 0000015A1A341608
[LOG] SystemI::createSoundInternal             : exinfo->initialseekpostype = 1
[LOG] SystemI::DSPCodecPoolRegister            : register codec pool for pool type 5
[LOG] SystemI::createSoundInternal             : Sample 0/1: name='Tower_Debris_1', format=5, channels=2, frequency=48000, lengthbytes=21376, lengthpcm=96000, pcmblocksize=0, loopstart=0, loopend=0, mode=0x00000000, channelmask=0x00000000, channelorder=0, peakvolume=0.367689.
[LOG] SystemI::createSoundInternal             : Create name='', mode=0x02000202
[LOG] SystemI::createSoundInternal             : exinfo->cbsize             = 224
[LOG] SystemI::createSoundInternal             : exinfo->length             = 8631552
[LOG] SystemI::createSoundInternal             : exinfo->fileoffset         = 43456
[LOG] SystemI::createSoundInternal             : exinfo->numsubsounds       = 1
[LOG] SystemI::createSoundInternal             : exinfo->inclusionlist      = 0000000C86EFF118
[LOG] SystemI::createSoundInternal             : exinfo->inclusionlistnum   = 1
[LOG] SystemI::createSoundInternal             : exinfo->suggestedsoundtype = 5
[LOG] SystemI::createSoundInternal             : exinfo->useropen           = 00007FFE0E6346D0
[LOG] SystemI::createSoundInternal             : exinfo->userclose          = 00007FFE0E6346A0
[LOG] SystemI::createSoundInternal             : exinfo->userread           = 00007FFE0E6347A0
[LOG] SystemI::createSoundInternal             : exinfo->userseek           = 00007FFE0E634860
[LOG] SystemI::createSoundInternal             : exinfo->fileuserdata       = 0000015A1A341608
[LOG] SystemI::createSoundInternal             : exinfo->initialseekpostype = 1
[LOG] SystemI::DSPCodecPoolRegister            : register codec pool for pool type 5
[LOG] SystemI::createSoundInternal             : Sample 0/1: name='Tower_Poof_1', format=5, channels=2, frequency=48000, lengthbytes=8608, lengthpcm=96000, pcmblocksize=0, loopstart=0, loopend=0, mode=0x00000000, channelmask=0x00000000, channelorder=0, peakvolume=0.148038.
[LOG] SystemI::createSoundInternal             : Create name='', mode=0x02000202
[LOG] SystemI::createSoundInternal             : exinfo->cbsize             = 224
[LOG] SystemI::createSoundInternal             : exinfo->length             = 8631552
[LOG] SystemI::createSoundInternal             : exinfo->fileoffset         = 43456
[LOG] SystemI::createSoundInternal             : exinfo->numsubsounds       = 1
[LOG] SystemI::createSoundInternal             : exinfo->inclusionlist      = 0000000C86EFF118
[LOG] SystemI::createSoundInternal             : exinfo->inclusionlistnum   = 1
[LOG] SystemI::createSoundInternal             : exinfo->suggestedsoundtype = 5
[LOG] SystemI::createSoundInternal             : exinfo->useropen           = 00007FFE0E6346D0
[LOG] SystemI::createSoundInternal             : exinfo->userclose          = 00007FFE0E6346A0
[LOG] SystemI::createSoundInternal             : exinfo->userread           = 00007FFE0E6347A0
[LOG] SystemI::createSoundInternal             : exinfo->userseek           = 00007FFE0E634860
[LOG] SystemI::createSoundInternal             : exinfo->fileuserdata       = 0000015A1A341608
[LOG] SystemI::createSoundInternal             : exinfo->initialseekpostype = 1
[LOG] SystemI::DSPCodecPoolRegister            : register codec pool for pool type 5
[LOG] SystemI::createSoundInternal             : Sample 0/1: name='Mage_Tower_Pop_1', format=5, channels=2, frequency=48000, lengthbytes=1760, lengthpcm=96000, pcmblocksize=0, loopstart=0, loopend=0, mode=0x00000000, channelmask=0x00000000, channelorder=0, peakvolume=0.364590.
[LOG] SystemI::createSound                     : filename = Assets/Plugins/FMOD/SplitSiege_FMOD/Build/Desktop/Master.bank : mode 02010082
[LOG] SystemI::createSound                     : FMOD_NONBLOCKING specified.  Putting into queue to be opened asynchronously!
[LOG] Thread::initThread                       : Init FMOD nonblocking thread (0). Affinity: 0x4000000000000003, Priority: 0xFFFF7FFC, Stack Size: 114688, Semaphore: Yes, Sleep Time: 0, Looping: Yes.
[LOG] SystemI::createSound                     : setdata soundi = 0000015A1FAF64C8 : node = 00000159A36A41F0
[LOG] SystemI::createSound                     : add node to async list : head = 00000159A98E9988.  list count = 0
[LOG] AsyncThread::threadFunc                  : Starting Asynchronous operation on sound 0000015A1FAF64C8
[LOG] SystemI::createSoundInternal             :     Create name='Assets/Plugins/FMOD/SplitSiege_FMOD/Build/Desktop/Master.bank', mode=0x02010082
[LOG] SystemI::createSoundInternal             :     exinfo->cbsize             = 224
[LOG] SystemI::createSoundInternal             :     exinfo->length             = 8631552
[LOG] SystemI::createSoundInternal             :     exinfo->fileoffset         = 43456
[LOG] SystemI::createSoundInternal             :     exinfo->numsubsounds       = 1
[LOG] SystemI::createSoundInternal             :     exinfo->inclusionlist      = 00000159A36A4300
[LOG] SystemI::createSoundInternal             :     exinfo->inclusionlistnum   = 1
[LOG] SystemI::createSoundInternal             :     exinfo->suggestedsoundtype = 5
[LOG] SystemI::createSoundInternal             :     exinfo->initialseekpostype = 1
[LOG] SystemI::createSoundInternal             :     Stream 0/1: name='Tower_Debris_Full_1', format=5, channels=2, frequency=48000, lengthbytes=533088, lengthpcm=1705440, pcmblocksize=0, loopstart=0, loopend=0, mode=0x00000000, channelmask=0x00000000, channelorder=0, peakvolume=0.999395.
[LOG] Thread::initThread                       :     Init FMOD file thread. Affinity: 0x4000000000000003, Priority: 0xFFFF7FFC, Stack Size: 65536, Semaphore: No, Sleep Time: 10, Looping: Yes.
[LOG] AsyncThread::threadFunc                  : Finished Asynchronous operation on sound 0000015A1FAF64C8
[LOG] AsyncThread::threadFunc                  : Starting Asynchronous operation on sound 0000015A1FAF7C68
[LOG] AsyncThread::threadFunc                  : Finished Asynchronous operation on sound 0000015A1FAF7C68
[LOG] AsyncThread::threadFunc                  : Starting Asynchronous operation on sound 0000015A1FAF7C68
[LOG] AsyncThread::threadFunc                  : Finished Asynchronous operation on sound 0000015A1FAF7C68
[LOG] SoundI::release                          : Tower_Debris_Full_1 (0000015A1FAF64C8)
[LOG] SoundI::release                          :     Tower_Debris_Full_1 (0000015A19C2BB38)
[LOG] SoundI::release                          :     Tower_Debris_Full_1 (0000015A1FAF7C68)
[LOG] SystemI::createSoundInternal             : Create name='', mode=0x02000202
[LOG] SystemI::createSoundInternal             : exinfo->cbsize             = 224
[LOG] SystemI::createSoundInternal             : exinfo->length             = 8631552
[LOG] SystemI::createSoundInternal             : exinfo->fileoffset         = 43456
[LOG] SystemI::createSoundInternal             : exinfo->numsubsounds       = 1
[LOG] SystemI::createSoundInternal             : exinfo->inclusionlist      = 0000000C86EFF118
[LOG] SystemI::createSoundInternal             : exinfo->inclusionlistnum   = 1
[LOG] SystemI::createSoundInternal             : exinfo->suggestedsoundtype = 5
[LOG] SystemI::createSoundInternal             : exinfo->useropen           = 00007FFE0E6346D0
[LOG] SystemI::createSoundInternal             : exinfo->userclose          = 00007FFE0E6346A0
[LOG] SystemI::createSoundInternal             : exinfo->userread           = 00007FFE0E6347A0
[LOG] SystemI::createSoundInternal             : exinfo->userseek           = 00007FFE0E634860
[LOG] SystemI::createSoundInternal             : exinfo->fileuserdata       = 00000159A32EF548
[LOG] SystemI::createSoundInternal             : exinfo->initialseekpostype = 1
[LOG] SystemI::DSPCodecPoolRegister            : register codec pool for pool type 5
[LOG] SystemI::createSoundInternal             : Sample 0/1: name='Laser Start 1', format=5, channels=2, frequency=48000, lengthbytes=13312, lengthpcm=79872, pcmblocksize=0, loopstart=0, loopend=0, mode=0x00000000, channelmask=0x00000000, channelorder=0, peakvolume=0.125519.
[LOG] SystemI::createSound                     : filename = Assets/Plugins/FMOD/SplitSiege_FMOD/Build/Desktop/Master.bank : mode 02010082
[LOG] SystemI::createSound                     : FMOD_NONBLOCKING specified.  Putting into queue to be opened asynchronously!
[LOG] SystemI::createSound                     : setdata soundi = 0000015A1FAF9FD8 : node = 00000159A364D070
[LOG] SystemI::createSound                     : add node to async list : head = 00000159A98E9988.  list count = 0
[LOG] SystemI::createSound                     : filename = Assets/Plugins/FMOD/SplitSiege_FMOD/Build/Desktop/Master.bank : mode 02010082
[LOG] SystemI::createSound                     : FMOD_NONBLOCKING specified.  Putting into queue to be opened asynchronously!
[LOG] SystemI::createSound                     : setdata soundi = 0000015A1FAF6678 : node = 00000159A364B9F0
[LOG] SystemI::createSound                     : add node to async list : head = 00000159A98E9988.  list count = 1
[LOG] AsyncThread::threadFunc                  : Starting Asynchronous operation on sound 0000015A1FAF9FD8
[LOG] SystemI::createSoundInternal             :     Create name='Assets/Plugins/FMOD/SplitSiege_FMOD/Build/Desktop/Master.bank', mode=0x02010082
[LOG] SystemI::createSoundInternal             :     exinfo->cbsize             = 224
[LOG] SystemI::createSoundInternal             :     exinfo->length             = 8631552
[LOG] SystemI::createSoundInternal             :     exinfo->fileoffset         = 43456
[LOG] SystemI::createSoundInternal             :     exinfo->numsubsounds       = 1
[LOG] SystemI::createSoundInternal             :     exinfo->inclusionlist      = 00000159A364D180
[LOG] SystemI::createSoundInternal             :     exinfo->inclusionlistnum   = 1
[LOG] SystemI::createSoundInternal             :     exinfo->suggestedsoundtype = 5
[LOG] SystemI::createSoundInternal             :     exinfo->initialseekpostype = 1
[LOG] SystemI::createSoundInternal             :     Stream 0/1: name='Laser Loop Electricity 1', format=5, channels=2, frequency=48000, lengthbytes=235392, lengthpcm=1177920, pcmblocksize=0, loopstart=0, loopend=0, mode=0x00000000, channelmask=0x00000000, channelorder=0, peakvolume=0.073300.
[LOG] AsyncThread::threadFunc                  : Finished Asynchronous operation on sound 0000015A1FAF9FD8
[LOG] AsyncThread::threadFunc                  : Starting Asynchronous operation on sound 0000015A1FAF6678
[LOG] SystemI::createSoundInternal             :     Create name='Assets/Plugins/FMOD/SplitSiege_FMOD/Build/Desktop/Master.bank', mode=0x02010082
[LOG] SystemI::createSoundInternal             :     exinfo->cbsize             = 224
[LOG] SystemI::createSoundInternal             :     exinfo->length             = 8631552
[LOG] SystemI::createSoundInternal             :     exinfo->fileoffset         = 43456
[LOG] SystemI::createSoundInternal             :     exinfo->numsubsounds       = 1
[LOG] SystemI::createSoundInternal             :     exinfo->inclusionlist      = 00000159A364BB00
[LOG] SystemI::createSoundInternal             :     exinfo->inclusionlistnum   = 1
[LOG] SystemI::createSoundInternal             :     exinfo->suggestedsoundtype = 5
[LOG] SystemI::createSoundInternal             :     exinfo->initialseekpostype = 1
[LOG] SystemI::createSoundInternal             :     Stream 0/1: name='Laser Loop Beeps 1', format=5, channels=2, frequency=48000, lengthbytes=371616, lengthpcm=1177920, pcmblocksize=0, loopstart=0, loopend=0, mode=0x00000000, channelmask=0x00000000, channelorder=0, peakvolume=0.193900.
[LOG] AsyncThread::threadFunc                  : Finished Asynchronous operation on sound 0000015A1FAF6678
[LOG] AsyncThread::threadFunc                  : Starting Asynchronous operation on sound 0000015A1FAF4668
[LOG] AsyncThread::threadFunc                  : Finished Asynchronous operation on sound 0000015A1FAF4668
[LOG] AsyncThread::threadFunc                  : Starting Asynchronous operation on sound 0000015A1FAF8B98
[LOG] AsyncThread::threadFunc                  : Finished Asynchronous operation on sound 0000015A1FAF8B98
[LOG] SoundI::release                          : Laser Loop Beeps 1 (0000015A1FAF6678)
[LOG] SoundI::release                          :     Laser Loop Beeps 1 (0000015A19C2C838)
[LOG] SoundI::release                          :     Laser Loop Beeps 1 (0000015A1FAF8B98)
[LOG] SoundI::release                          : Laser Loop Electricity 1 (0000015A1FAF9FD8)
[LOG] SoundI::release                          :     Laser Loop Electricity 1 (0000015A19C29778)
[LOG] SoundI::release                          :     Laser Loop Electricity 1 (0000015A1FAF4668)
[LOG] SoundI::release                          :  (0000015A2D450678)
[LOG] SoundI::release                          :     Tower_Slide_1 (0000015A19C2CD18)
[LOG] SoundI::release                          :  (0000015A2D450C38)
[LOG] SoundI::release                          :     Mage_Tower_Pop_1 (0000015A19C2C018)
[LOG] SoundI::release                          :  (0000015A2D450AC8)
[LOG] SoundI::release                          :     Tower_Debris_1 (0000015A19C288D8)
[LOG] SoundI::release                          :  (0000015A2D4507E8)
[LOG] SoundI::release                          :     Tower_Poof_1 (0000015A19C28F58)
[LOG] SoundI::release                          :  (0000015A2D450508)
[LOG] SoundI::release                          :     Tower_Slide_v2_1 (0000015A19C2BCD8)
[LOG] SoundI::release                          :  (0000015A398ECCC8)
[LOG] SoundI::release                          :     Laser Start 1 (0000015A19C2C698)
[LOG] Manager::readBank                        : fileversion = 141, compatVersion = 140 (oldest = 44, newest = 142)
[LOG] Manager::readBank                        : fileversion = 141, compatVersion = 140 (oldest = 44, newest = 142)
[LOG] PlaybackSystem::acquireMasterBus         : Setting master channel group format to 6
[LOG] SystemI::createSoundInternal             : Create name='', mode=0x02000202
[LOG] SystemI::createSoundInternal             : exinfo->cbsize             = 224
[LOG] SystemI::createSoundInternal             : exinfo->length             = 8631552
[LOG] SystemI::createSoundInternal             : exinfo->fileoffset         = 43456
[LOG] SystemI::createSoundInternal             : exinfo->numsubsounds       = 1
[LOG] SystemI::createSoundInternal             : exinfo->inclusionlist      = 0000000C86EFF118
[LOG] SystemI::createSoundInternal             : exinfo->inclusionlistnum   = 1
[LOG] SystemI::createSoundInternal             : exinfo->suggestedsoundtype = 5
[LOG] SystemI::createSoundInternal             : exinfo->useropen           = 00007FFE0E6346D0
[LOG] SystemI::createSoundInternal             : exinfo->userclose          = 00007FFE0E6346A0
[LOG] SystemI::createSoundInternal             : exinfo->userread           = 00007FFE0E6347A0
[LOG] SystemI::createSoundInternal             : exinfo->userseek           = 00007FFE0E634860
[LOG] SystemI::createSoundInternal             : exinfo->fileuserdata       = 0000015A1F82A778
[LOG] SystemI::createSoundInternal             : exinfo->initialseekpostype = 1
[LOG] SystemI::DSPCodecPoolRegister            : register codec pool for pool type 5
[LOG] SystemI::createSoundInternal             : Sample 0/1: name='Laser Start 1', format=5, channels=2, frequency=48000, lengthbytes=13312, lengthpcm=79872, pcmblocksize=0, loopstart=0, loopend=0, mode=0x00000000, channelmask=0x00000000, channelorder=0, peakvolume=0.125519.
[LOG] SystemI::createSound                     : filename = Assets/Plugins/FMOD/SplitSiege_FMOD/Build/Desktop/Master.bank : mode 02010082
[LOG] SystemI::createSound                     : FMOD_NONBLOCKING specified.  Putting into queue to be opened asynchronously!
[LOG] SystemI::createSound                     : setdata soundi = 0000015A1FAF89E8 : node = 0000015A1A296D00
[LOG] SystemI::createSound                     : add node to async list : head = 00000159A98E9988.  list count = 0
[LOG] SystemI::createSound                     : filename = Assets/Plugins/FMOD/SplitSiege_FMOD/Build/Desktop/Master.bank : mode 02010082
[LOG] SystemI::createSound                     : FMOD_NONBLOCKING specified.  Putting into queue to be opened asynchronously!
[LOG] SystemI::createSound                     : setdata soundi = 0000015A1FAF5238 : node = 0000015A1A296300
[LOG] SystemI::createSound                     : add node to async list : head = 00000159A98E9988.  list count = 1
[LOG] AsyncThread::threadFunc                  : Starting Asynchronous operation on sound 0000015A1FAF89E8
[LOG] SystemI::createSoundInternal             :     Create name='Assets/Plugins/FMOD/SplitSiege_FMOD/Build/Desktop/Master.bank', mode=0x02010082
[LOG] SystemI::createSoundInternal             :     exinfo->cbsize             = 224
[LOG] SystemI::createSoundInternal             :     exinfo->length             = 8631552
[LOG] SystemI::createSoundInternal             :     exinfo->fileoffset         = 43456
[LOG] SystemI::createSoundInternal             :     exinfo->numsubsounds       = 1
[LOG] SystemI::createSoundInternal             :     exinfo->inclusionlist      = 0000015A1A296E10
[LOG] SystemI::createSoundInternal             :     exinfo->inclusionlistnum   = 1
[LOG] SystemI::createSoundInternal             :     exinfo->suggestedsoundtype = 5
[LOG] SystemI::createSoundInternal             :     exinfo->initialseekpostype = 1
[LOG] SystemI::createSoundInternal             :     Stream 0/1: name='Laser Loop Electricity 1', format=5, channels=2, frequency=48000, lengthbytes=235392, lengthpcm=1177920, pcmblocksize=0, loopstart=0, loopend=0, mode=0x00000000, channelmask=0x00000000, channelorder=0, peakvolume=0.073300.
[LOG] AsyncThread::threadFunc                  : Finished Asynchronous operation on sound 0000015A1FAF89E8
[LOG] AsyncThread::threadFunc                  : Starting Asynchronous operation on sound 0000015A1FAF5238
[LOG] SystemI::createSoundInternal             :     Create name='Assets/Plugins/FMOD/SplitSiege_FMOD/Build/Desktop/Master.bank', mode=0x02010082
[LOG] SystemI::createSoundInternal             :     exinfo->cbsize             = 224
[LOG] SystemI::createSoundInternal             :     exinfo->length             = 8631552
[LOG] SystemI::createSoundInternal             :     exinfo->fileoffset         = 43456
[LOG] SystemI::createSoundInternal             :     exinfo->numsubsounds       = 1
[LOG] SystemI::createSoundInternal             :     exinfo->inclusionlist      = 0000015A1A296410
[LOG] SystemI::createSoundInternal             :     exinfo->inclusionlistnum   = 1
[LOG] SystemI::createSoundInternal             :     exinfo->suggestedsoundtype = 5
[LOG] SystemI::createSoundInternal             :     exinfo->initialseekpostype = 1
[LOG] SystemI::createSoundInternal             :     Stream 0/1: name='Laser Loop Beeps 1', format=5, channels=2, frequency=48000, lengthbytes=371616, lengthpcm=1177920, pcmblocksize=0, loopstart=0, loopend=0, mode=0x00000000, channelmask=0x00000000, channelorder=0, peakvolume=0.193900.
[LOG] AsyncThread::threadFunc                  : Finished Asynchronous operation on sound 0000015A1FAF5238
[LOG] AsyncThread::threadFunc                  : Starting Asynchronous operation on sound 0000015A1FAF9918
[LOG] AsyncThread::threadFunc                  : Finished Asynchronous operation on sound 0000015A1FAF9918
[LOG] AsyncThread::threadFunc                  : Starting Asynchronous operation on sound 0000015A1FAF9768
[LOG] AsyncThread::threadFunc                  : Finished Asynchronous operation on sound 0000015A1FAF9768
[LOG] SystemI::createSound                     : filename = Assets/Plugins/FMOD/SplitSiege_FMOD/Build/Desktop/Master.bank : mode 02010082
[LOG] SystemI::createSound                     : FMOD_NONBLOCKING specified.  Putting into queue to be opened asynchronously!
[LOG] SystemI::createSound                     : setdata soundi = 0000015A1FAF7758 : node = 0000015A1A296940
[LOG] SystemI::createSound                     : add node to async list : head = 00000159A98E9988.  list count = 0
[LOG] SystemI::createSound                     : filename = Assets/Plugins/FMOD/SplitSiege_FMOD/Build/Desktop/Master.bank : mode 02010082
[LOG] SystemI::createSound                     : FMOD_NONBLOCKING specified.  Putting into queue to be opened asynchronously!
[LOG] SystemI::createSound                     : setdata soundi = 0000015A1FAF7AB8 : node = 0000015A1A296440
[LOG] SystemI::createSound                     : add node to async list : head = 00000159A98E9988.  list count = 0
[LOG] AsyncThread::threadFunc                  : Starting Asynchronous operation on sound 0000015A1FAF7758
[LOG] SystemI::createSoundInternal             :     Create name='Assets/Plugins/FMOD/SplitSiege_FMOD/Build/Desktop/Master.bank', mode=0x02010082
[LOG] SystemI::createSoundInternal             :     exinfo->cbsize             = 224
[LOG] SystemI::createSoundInternal             :     exinfo->length             = 8631552
[LOG] SystemI::createSoundInternal             :     exinfo->fileoffset         = 43456
[LOG] SystemI::createSoundInternal             :     exinfo->numsubsounds       = 1
[LOG] SystemI::createSoundInternal             :     exinfo->inclusionlist      = 0000015A1A296A50
[LOG] SystemI::createSoundInternal             :     exinfo->inclusionlistnum   = 1
[LOG] SystemI::createSoundInternal             :     exinfo->suggestedsoundtype = 5
[LOG] SystemI::createSoundInternal             :     exinfo->initialseekpostype = 1
[LOG] SystemI::createSoundInternal             :     Stream 0/1: name='Laser Loop Electricity 1', format=5, channels=2, frequency=48000, lengthbytes=235392, lengthpcm=1177920, pcmblocksize=0, loopstart=0, loopend=0, mode=0x00000000, channelmask=0x00000000, channelorder=0, peakvolume=0.073300.
[LOG] AsyncThread::threadFunc                  : Finished Asynchronous operation on sound 0000015A1FAF7758
[LOG] AsyncThread::threadFunc                  : Starting Asynchronous operation on sound 0000015A1FAF7AB8
[LOG] SystemI::createSoundInternal             :     Create name='Assets/Plugins/FMOD/SplitSiege_FMOD/Build/Desktop/Master.bank', mode=0x02010082
[LOG] SystemI::createSoundInternal             :     exinfo->cbsize             = 224
[LOG] SystemI::createSoundInternal             :     exinfo->length             = 8631552
[LOG] SystemI::createSoundInternal             :     exinfo->fileoffset         = 43456
[LOG] SystemI::createSoundInternal             :     exinfo->numsubsounds       = 1
[LOG] SystemI::createSoundInternal             :     exinfo->inclusionlist      = 0000015A1A296550
[LOG] SystemI::createSoundInternal             :     exinfo->inclusionlistnum   = 1
[LOG] SystemI::createSoundInternal             :     exinfo->suggestedsoundtype = 5
[LOG] SystemI::createSoundInternal             :     exinfo->initialseekpostype = 1
[LOG] SystemI::createSoundInternal             :     Stream 0/1: name='Laser Loop Beeps 1', format=5, channels=2, frequency=48000, lengthbytes=371616, lengthpcm=1177920, pcmblocksize=0, loopstart=0, loopend=0, mode=0x00000000, channelmask=0x00000000, channelorder=0, peakvolume=0.193900.
[LOG] AsyncThread::threadFunc                  : Finished Asynchronous operation on sound 0000015A1FAF7AB8
[LOG] AsyncThread::threadFunc                  : Starting Asynchronous operation on sound 0000015A1FAF7098
[LOG] AsyncThread::threadFunc                  : Finished Asynchronous operation on sound 0000015A1FAF7098
[LOG] AsyncThread::threadFunc                  : Starting Asynchronous operation on sound 0000015A1FAF5598
[LOG] SoundI::release                          :     Laser Loop Beeps 1 (0000015A1FAF5238)
[LOG] SoundI::release                          :         Laser Loop Beeps 1 (0000015A19C2CEB8)
[LOG] SoundI::release                          :         Laser Loop Beeps 1 (0000015A1FAF9768)
[LOG] SoundI::release                          :     Laser Loop Electricity 1 (0000015A1FAF89E8)
[LOG] SoundI::release                          :         Laser Loop Electricity 1 (0000015A19C2A7B8)
[LOG] SoundI::release                          :         Laser Loop Electricity 1 (0000015A1FAF9918)
[LOG] AsyncThread::threadFunc                  : Finished Asynchronous operation on sound 0000015A1FAF5598
[LOG] SoundI::release                          : Laser Loop Beeps 1 (0000015A1FAF7AB8)
[LOG] SoundI::release                          :     Laser Loop Beeps 1 (0000015A19C28258)
[LOG] SoundI::release                          :     Laser Loop Beeps 1 (0000015A1FAF5598)
[LOG] SoundI::release                          : Laser Loop Electricity 1 (0000015A1FAF7758)
[LOG] SoundI::release                          :     Laser Loop Electricity 1 (0000015A19C34A38)
[LOG] SoundI::release                          :     Laser Loop Electricity 1 (0000015A1FAF7098)
[LOG] SoundI::release                          :  (0000015A64DB4388)
[LOG] SoundI::release                          :     Laser Start 1 (0000015A19C2BB38)
[LOG] Thread::callback                         : FMOD Studio bank load thread finished.
[LOG] Thread::callback                         : FMOD Studio sample load thread finished.
[LOG] LiveUpdate::release                      : 
[LOG] LiveUpdate::reset                        : Reset connection (reason Disconnected)
[LOG] Thread::callback                         : FMOD stream thread finished.
[LOG] Thread::callback                         : FMOD mixer thread finished.
[LOG] SystemI::close                           : Closed.
[LOG] Thread::callback                         : FMOD nonblocking thread (0) finished.
[LOG] Thread::callback                         : FMOD file thread finished.
